<?xml version="1.0" encoding="UTF-8"?>
<!-- Generated by org.testng.reporters.JUnitXMLReporter -->
<testsuite hostname="DESKTOP-GU9UQKS" ignored="0" name="Default test" tests="3" failures="0" timestamp="06 Sep 2022 16:30:05 GMT" time="54.537" errors="0">
  <testcase name="testExcel" time="51.739" classname="FileReading.FileReading.TestFileReading"/>
  <testcase name="testExcel" time="1.607" classname="FileReading.FileReading.TestFileReading"/>
  <testcase name="testExcel" time="0.718" classname="FileReading.FileReading.TestFileReading"/>
</testsuite> <!-- Default test -->
